app/manifest-merger-release-report.txt
-- Merging decision tree log ---
manifest
ADDED from AndroidManifest.xml:2:1
	package
		ADDED from AndroidManifest.xml:3:5
		INJECTED from AndroidManifest.xml:0:0
		INJECTED from AndroidManifest.xml:0:0
	android:versionName
		INJECTED from AndroidManifest.xml:0:0
		INJECTED from AndroidManifest.xml:0:0
	xmlns:android
		ADDED from AndroidManifest.xml:2:11
	android:versionCode
		INJECTED from AndroidManifest.xml:0:0
		INJECTED from AndroidManifest.xml:0:0
application
ADDED from AndroidManifest.xml:5:5
	android:label
		ADDED from AndroidManifest.xml:8:9
	android:allowBackup
		ADDED from AndroidManifest.xml:6:9
	android:icon
		ADDED from AndroidManifest.xml:7:9
	android:theme
		ADDED from AndroidManifest.xml:9:9
activity#tk.sandradev.launcher.HomeActivity
ADDED from AndroidManifest.xml:10:9
	android:label
		ADDED from AndroidManifest.xml:12:13
	android:stateNotNeeded
		ADDED from AndroidManifest.xml:14:13
	android:launchMode
		ADDED from AndroidManifest.xml:13:13
	android:theme
		ADDED from AndroidManifest.xml:15:13
	android:name
		ADDED from AndroidManifest.xml:11:13
intent-filter#android.intent.action.MAIN+android.intent.category.DEFAULT+android.intent.category.HOME+android.intent.category.LAUNCHER
ADDED from AndroidManifest.xml:16:13
action#android.intent.action.MAIN
ADDED from AndroidManifest.xml:17:17
	android:name
		ADDED from AndroidManifest.xml:17:25
category#android.intent.category.HOME
ADDED from AndroidManifest.xml:19:17
	android:name
		ADDED from AndroidManifest.xml:19:27
category#android.intent.category.DEFAULT
ADDED from AndroidManifest.xml:20:17
	android:name
		ADDED from AndroidManifest.xml:20:27
category#android.intent.category.LAUNCHER
ADDED from AndroidManifest.xml:21:17
	android:name
		ADDED from AndroidManifest.xml:21:27
activity#tk.sandradev.launcher.AppListActivity
ADDED from AndroidManifest.xml:24:9
	android:label
		ADDED from AndroidManifest.xml:26:13
	android:theme
		ADDED from AndroidManifest.xml:27:13
	android:name
		ADDED from AndroidManifest.xml:25:13
service#tk.sandradev.launcher.AppsService
ADDED from AndroidManifest.xml:30:9
	android:enabled
		ADDED from AndroidManifest.xml:32:13
	android:exported
		ADDED from AndroidManifest.xml:33:13
	android:name
		ADDED from AndroidManifest.xml:31:13
activity#tk.sandradev.launcher.AppInfoActivity
ADDED from AndroidManifest.xml:36:9
	android:label
		ADDED from AndroidManifest.xml:38:13
	android:parentActivityName
		ADDED from AndroidManifest.xml:39:13
	android:theme
		ADDED from AndroidManifest.xml:40:13
	android:name
		ADDED from AndroidManifest.xml:37:13
meta-data#android.support.PARENT_ACTIVITY
ADDED from AndroidManifest.xml:41:13
	android:value
		ADDED from AndroidManifest.xml:43:17
	android:name
		ADDED from AndroidManifest.xml:42:17
activity#tk.sandradev.launcher.UnknownActivity
ADDED from AndroidManifest.xml:45:9
	android:label
		ADDED from AndroidManifest.xml:46:17
	android:name
		ADDED from AndroidManifest.xml:45:19
uses-sdk
INJECTED from AndroidManifest.xml:0:0 reason: use-sdk injection requested
	android:targetSdkVersion
		INJECTED from AndroidManifest.xml:0:0
		INJECTED from AndroidManifest.xml:0:0
	android:minSdkVersion
		INJECTED from AndroidManifest.xml:0:0
		INJECTED from AndroidManifest.xml:0:0